2025-07-13 22:02:55,999 - balance_presupuestario_bulk_pipeline - INFO - Starting dynamic bulk pipeline run
2025-07-13 22:02:56,589 - balance_presupuestario_bulk_pipeline - INFO - 100 | Processing year=2020 quarter=Q4
2025-07-13 22:02:57,417 - balance_presupuestario_bulk_pipeline - INFO - 100 | Processing year=2021 quarter=Q1
2025-07-13 22:02:57,976 - balance_presupuestario_bulk_pipeline - INFO - 100 | Processing year=2021 quarter=Q2
2025-07-13 22:02:58,554 - balance_presupuestario_bulk_pipeline - INFO - 100 | Processing year=2021 quarter=Q3
2025-07-13 22:02:59,136 - balance_presupuestario_bulk_pipeline - INFO - 100 | Processing year=2021 quarter=Q4
2025-07-13 22:02:59,728 - balance_presupuestario_bulk_pipeline - INFO - 100 | Processing year=2022 quarter=Q1
2025-07-13 22:03:00,305 - balance_presupuestario_bulk_pipeline - INFO - 100 | Processing year=2022 quarter=Q2
2025-07-13 22:03:00,894 - balance_presupuestario_bulk_pipeline - INFO - 100 | Processing year=2022 quarter=Q3
2025-07-13 22:03:01,461 - balance_presupuestario_bulk_pipeline - INFO - 100 | Processing year=2022 quarter=Q4
2025-07-13 22:03:02,015 - balance_presupuestario_bulk_pipeline - INFO - 100 | Processing year=2023 quarter=Q1
2025-07-13 22:03:02,593 - balance_presupuestario_bulk_pipeline - INFO - 100 | Processing year=2023 quarter=Q2
2025-07-13 22:03:03,171 - balance_presupuestario_bulk_pipeline - INFO - 100 | Processing year=2023 quarter=Q3
2025-07-13 22:03:03,743 - balance_presupuestario_bulk_pipeline - INFO - 100 | Processing year=2023 quarter=Q4
2025-07-13 22:03:04,364 - balance_presupuestario_bulk_pipeline - INFO - 100 | Processing year=2024 quarter=Q1
2025-07-13 22:03:04,930 - balance_presupuestario_bulk_pipeline - INFO - 100 | Processing year=2024 quarter=Q2
2025-07-13 22:03:05,502 - balance_presupuestario_bulk_pipeline - INFO - 100 | Processing year=2024 quarter=Q3
2025-07-13 22:03:06,081 - balance_presupuestario_bulk_pipeline - INFO - 100 | Processing year=2024 quarter=Q4
2025-07-13 22:03:06,688 - balance_presupuestario_bulk_pipeline - INFO - 100 | Processing year=2025 quarter=Q1
2025-07-13 22:03:07,386 - balance_presupuestario_bulk_pipeline - ERROR - Pipeline run failed. See detailed logs: (pg8000.dbapi.IntegrityError) {'S': 'ERROR', 'V': 'ERROR', 'C': '23505', 'M': 'duplicate key value violates unique constraint "nuevo_leon_balance_presupuestario_pkey"', 'D': 'Key (concept, sublabel, year_quarter, type)=(A1, Ingresos de Libre Disposición, unknown, estimated_or_approved) already exists.', 's': 'public', 't': 'nuevo_leon_balance_presupuestario', 'n': 'nuevo_leon_balance_presupuestario_pkey', 'F': 'nbtinsert.c', 'L': '670', 'R': '_bt_check_unique'}
[SQL: INSERT INTO nuevo_leon_balance_presupuestario (concept, sublabel, year_quarter, full_date, type, amount) VALUES (%s::VARCHAR, %s::VARCHAR, %s::VARCHAR, %s::VARCHAR, %s::VARCHAR, %s::FLOAT)]
[parameters: [('A1', 'Ingresos de Libre Disposición', '2020_Q4', '2020-12-31', 'estimated_or_approved', 60299052.66084), ('A2', 'Transferencias Federales Etiquetadas', '2020_Q4', '2020-12-31', 'estimated_or_approved', 36814210.92416), ('A3', 'Financiamiento Neto', '2020_Q4', '2020-12-31', 'estimated_or_approved', 2291643.5083899996), ('B1', 'Gasto No Etiquetado (sin incluir Amortización de la Deuda Pública)', '2020_Q4', '2020-12-31', 'estimated_or_approved', 64168926.71757992), ('B2', 'Gasto Etiquetado (sin incluir Amortización de la Deuda Pública) ', '2020_Q4', '2020-12-31', 'estimated_or_approved', 37372707.77522), ('C1', 'Remanentes de Ingresos de Libre Disposición aplicados en el periodo', '2020_Q4', '2020-12-31', 'estimated_or_approved', 1576050.8583511997), ('C2', 'Remanentes de Transferencias Federales Etiquetadas aplicados en el periodo', '2020_Q4', '2020-12-31', 'estimated_or_approved', 560676.5410499998), ('E1', 'Intereses, Comisiones y Gastos de la Deuda con Gasto No Etiquetado', '2020_Q4', '2020-12-31', 'estimated_or_approved', 4803603.3892)  ... displaying 10 of 702 total bound parameter sets ...  ('G1', 'Amortización de la Deuda Pública con Gasto No Etiquetado', '2025_Q1', '2025-03-31', 'recaudado_pagado', 2723846569.49), ('G2', 'Amortización de la Deuda Pública con Gasto Etiquetado', '2025_Q1', '2025-03-31', 'recaudado_pagado', 6362444.86)]]
(Background on this error at: https://sqlalche.me/e/20/gkpj)
